\BOOKMARK [1][-]{section*.3}{Abstract}{}% 1
\BOOKMARK [1][-]{chapter*.4}{Contents}{}% 2
\BOOKMARK [1][-]{chapter*.5}{List of Figures}{}% 3
\BOOKMARK [1][-]{section*.6}{List of Abbreviations}{}% 4
\BOOKMARK [0][-]{chapter.1}{Introduction}{}% 5
\BOOKMARK [1][-]{section.1.1}{What is an ``accent''?}{chapter.1}% 6
\BOOKMARK [1][-]{section.1.2}{Motivation for this work}{chapter.1}% 7
\BOOKMARK [1][-]{section.1.3}{Research Questions}{chapter.1}% 8
\BOOKMARK [1][-]{section.1.4}{Thesis Overview}{chapter.1}% 9
\BOOKMARK [0][-]{chapter.2}{Background}{}% 10
\BOOKMARK [1][-]{section.2.1}{Voice conversion}{chapter.2}% 11
\BOOKMARK [1][-]{section.2.2}{Accent conversion}{chapter.2}% 12
\BOOKMARK [1][-]{section.2.3}{Technical Background}{chapter.2}% 13
\BOOKMARK [2][-]{subsection.2.3.1}{Mel-frequency cepstrum coefficients}{section.2.3}% 14
\BOOKMARK [2][-]{subsection.2.3.2}{Gaussian mixture models}{section.2.3}% 15
\BOOKMARK [2][-]{subsection.2.3.3}{Neural networks}{section.2.3}% 16
\BOOKMARK [0][-]{chapter.3}{Literature Review}{}% 17
\BOOKMARK [1][-]{section.3.1}{Theoretical and educational motivations}{chapter.3}% 18
\BOOKMARK [1][-]{section.3.2}{Spoken language technology for education}{chapter.3}% 19
\BOOKMARK [1][-]{section.3.3}{Voice conversion}{chapter.3}% 20
\BOOKMARK [1][-]{section.3.4}{Accent conversion}{chapter.3}% 21
\BOOKMARK [0][-]{chapter.4}{Design and methodology}{}% 22
\BOOKMARK [1][-]{section.4.1}{Data}{chapter.4}% 23
\BOOKMARK [2][-]{subsection.4.1.1}{CMU ARCTIC corpus}{section.4.1}% 24
\BOOKMARK [2][-]{subsection.4.1.2}{L2-ARCTIC corpus}{section.4.1}% 25
\BOOKMARK [2][-]{subsection.4.1.3}{Accents of the British Isles \(ABI\) corpus}{section.4.1}% 26
\BOOKMARK [2][-]{subsection.4.1.4}{Experimental data set-up}{section.4.1}% 27
\BOOKMARK [1][-]{section.4.2}{Experiments}{chapter.4}% 28
\BOOKMARK [2][-]{subsection.4.2.1}{CMU ARCTIC Corpus}{section.4.2}% 29
\BOOKMARK [2][-]{subsection.4.2.2}{ABI Corpus}{section.4.2}% 30
\BOOKMARK [1][-]{section.4.3}{Tools and set-up}{chapter.4}% 31
\BOOKMARK [1][-]{section.4.4}{Evaluation}{chapter.4}% 32
\BOOKMARK [0][-]{chapter.5}{Results}{}% 33
\BOOKMARK [1][-]{section.5.1}{CMU ARCTIC Corpus}{chapter.5}% 34
\BOOKMARK [2][-]{subsection.5.1.1}{Perceived Accent}{section.5.1}% 35
\BOOKMARK [2][-]{subsection.5.1.2}{Speaker Identity}{section.5.1}% 36
\BOOKMARK [1][-]{section.5.2}{ABI Corpus}{chapter.5}% 37
\BOOKMARK [2][-]{subsection.5.2.1}{Perceived Accent}{section.5.2}% 38
\BOOKMARK [2][-]{subsection.5.2.2}{Speaker Identity}{section.5.2}% 39
\BOOKMARK [1][-]{section.5.3}{Discussion}{chapter.5}% 40
\BOOKMARK [0][-]{chapter.6}{Conclusion and future work}{}% 41
\BOOKMARK [1][-]{section.6.1}{Conclusion}{chapter.6}% 42
\BOOKMARK [1][-]{section.6.2}{Future Work}{chapter.6}% 43
\BOOKMARK [0][-]{chapter.7}{Annexe}{}% 44
\BOOKMARK [1][-]{section.7.1}{Annex 1: Evaluation Survey}{chapter.7}% 45
\BOOKMARK [2][-]{subsection.7.1.1}{Accent of British Isles \(ABI\) Speaker Selection}{section.7.1}% 46
\BOOKMARK [2][-]{subsection.7.1.2}{ARCTIC Corpus Speaker Selection}{section.7.1}% 47
\BOOKMARK [2][-]{subsection.7.1.3}{Perceived Accent}{section.7.1}% 48
\BOOKMARK [2][-]{subsection.7.1.4}{Speaker Identity}{section.7.1}% 49
